2023-07-25T11:34:30.051769+00:00 [/Users/xiaoqiangjiang/.cargo/registry/src/mirrors.tuna.tsinghua.edu.cn-df7c3c540f42cdbd/rocket-0.5.0-rc.3/src/rocket.rs:670] WARN rocket::rocket:🚀 [1;49;39mRocket has launched from[0m [1;4;49;39mhttp://127.0.0.1:8000[0m
2023-08-16T06:57:16.339467+00:00 [/Users/xiaoqiangjiang/.cargo/registry/src/mirrors.tuna.tsinghua.edu.cn-df7c3c540f42cdbd/rocket-0.5.0-rc.3/src/rocket.rs:670] WARN rocket::rocket:🚀 [1;49;39mRocket has launched from[0m [1;4;49;39mhttp://127.0.0.1:8000[0m
2023-08-16T06:57:35.959070+00:00 [/Users/xiaoqiangjiang/.cargo/registry/src/mirrors.tuna.tsinghua.edu.cn-df7c3c540f42cdbd/rocket-0.5.0-rc.3/src/server.rs:293] ERROR rocket::server:No matching routes for [32mGET[0m [34m/cv/gen/src?id=1[0m.
2023-08-16T06:57:35.959177+00:00 [/Users/xiaoqiangjiang/.cargo/registry/src/mirrors.tuna.tsinghua.edu.cn-df7c3c540f42cdbd/rocket-0.5.0-rc.3/src/server.rs:325] WARN rocket::server:No [1;34m404[0m catcher registered. Using Rocket default.
2023-08-16T06:57:58.053018+00:00 [/Users/xiaoqiangjiang/.cargo/registry/src/mirrors.tuna.tsinghua.edu.cn-df7c3c540f42cdbd/rocket-0.5.0-rc.3/src/server.rs:56] ERROR rocket::server:Handler [37mget_src[0m panicked.
2023-08-16T06:57:58.053072+00:00 [/Users/xiaoqiangjiang/.cargo/registry/src/mirrors.tuna.tsinghua.edu.cn-df7c3c540f42cdbd/rocket-0.5.0-rc.3/src/server.rs:56] WARN rocket::server:A panic is treated as an internal server error.
2023-08-16T06:57:58.053119+00:00 [/Users/xiaoqiangjiang/.cargo/registry/src/mirrors.tuna.tsinghua.edu.cn-df7c3c540f42cdbd/rocket-0.5.0-rc.3/src/server.rs:318] WARN rocket::server:Responding with registered [36m([0m[37minternal_error[0m[36m)[0m [34m500[0m catcher.
2023-08-16T06:57:58.053139+00:00 [src/entry/server.rs:19] ERROR cv_server::entry::server:internal error
2023-08-16T07:00:30.938887+00:00 [/Users/xiaoqiangjiang/.cargo/registry/src/mirrors.tuna.tsinghua.edu.cn-df7c3c540f42cdbd/rocket-0.5.0-rc.3/src/server.rs:56] ERROR rocket::server:Handler [37mget_src[0m panicked.
2023-08-16T07:00:30.939885+00:00 [/Users/xiaoqiangjiang/.cargo/registry/src/mirrors.tuna.tsinghua.edu.cn-df7c3c540f42cdbd/rocket-0.5.0-rc.3/src/server.rs:56] WARN rocket::server:A panic is treated as an internal server error.
2023-08-16T07:00:30.939939+00:00 [/Users/xiaoqiangjiang/.cargo/registry/src/mirrors.tuna.tsinghua.edu.cn-df7c3c540f42cdbd/rocket-0.5.0-rc.3/src/server.rs:318] WARN rocket::server:Responding with registered [36m([0m[37minternal_error[0m[36m)[0m [34m500[0m catcher.
2023-08-16T07:00:30.939961+00:00 [src/entry/server.rs:19] ERROR cv_server::entry::server:internal error
2023-08-16T07:00:52.924931+00:00 [/Users/xiaoqiangjiang/.cargo/registry/src/mirrors.tuna.tsinghua.edu.cn-df7c3c540f42cdbd/rocket-0.5.0-rc.3/src/server.rs:56] ERROR rocket::server:Handler [37mget_src[0m panicked.
2023-08-16T07:00:52.924987+00:00 [/Users/xiaoqiangjiang/.cargo/registry/src/mirrors.tuna.tsinghua.edu.cn-df7c3c540f42cdbd/rocket-0.5.0-rc.3/src/server.rs:56] WARN rocket::server:A panic is treated as an internal server error.
2023-08-16T07:00:52.925027+00:00 [/Users/xiaoqiangjiang/.cargo/registry/src/mirrors.tuna.tsinghua.edu.cn-df7c3c540f42cdbd/rocket-0.5.0-rc.3/src/server.rs:318] WARN rocket::server:Responding with registered [36m([0m[37minternal_error[0m[36m)[0m [34m500[0m catcher.
2023-08-16T07:00:52.925048+00:00 [src/entry/server.rs:19] ERROR cv_server::entry::server:internal error
2023-08-16T07:01:15.699286+00:00 [/Users/xiaoqiangjiang/.cargo/registry/src/mirrors.tuna.tsinghua.edu.cn-df7c3c540f42cdbd/rocket-0.5.0-rc.3/src/server.rs:56] ERROR rocket::server:Handler [37mget_src[0m panicked.
2023-08-16T07:01:15.699584+00:00 [/Users/xiaoqiangjiang/.cargo/registry/src/mirrors.tuna.tsinghua.edu.cn-df7c3c540f42cdbd/rocket-0.5.0-rc.3/src/server.rs:56] WARN rocket::server:A panic is treated as an internal server error.
2023-08-16T07:01:15.699635+00:00 [/Users/xiaoqiangjiang/.cargo/registry/src/mirrors.tuna.tsinghua.edu.cn-df7c3c540f42cdbd/rocket-0.5.0-rc.3/src/server.rs:318] WARN rocket::server:Responding with registered [36m([0m[37minternal_error[0m[36m)[0m [34m500[0m catcher.
2023-08-16T07:01:15.699761+00:00 [src/entry/server.rs:19] ERROR cv_server::entry::server:internal error
2023-08-16T07:03:21.693938+00:00 [/Users/xiaoqiangjiang/.cargo/registry/src/mirrors.tuna.tsinghua.edu.cn-df7c3c540f42cdbd/rocket-0.5.0-rc.3/src/server.rs:56] ERROR rocket::server:Handler [37mget_src[0m panicked.
2023-08-16T07:03:21.694272+00:00 [/Users/xiaoqiangjiang/.cargo/registry/src/mirrors.tuna.tsinghua.edu.cn-df7c3c540f42cdbd/rocket-0.5.0-rc.3/src/server.rs:56] WARN rocket::server:A panic is treated as an internal server error.
2023-08-16T07:03:21.694339+00:00 [/Users/xiaoqiangjiang/.cargo/registry/src/mirrors.tuna.tsinghua.edu.cn-df7c3c540f42cdbd/rocket-0.5.0-rc.3/src/server.rs:318] WARN rocket::server:Responding with registered [36m([0m[37minternal_error[0m[36m)[0m [34m500[0m catcher.
2023-08-16T07:03:21.694362+00:00 [src/entry/server.rs:19] ERROR cv_server::entry::server:internal error
2023-08-16T07:05:15.956271+00:00 [/Users/xiaoqiangjiang/.cargo/registry/src/mirrors.tuna.tsinghua.edu.cn-df7c3c540f42cdbd/rocket-0.5.0-rc.3/src/server.rs:56] ERROR rocket::server:Handler [37mget_src[0m panicked.
2023-08-16T07:05:15.956628+00:00 [/Users/xiaoqiangjiang/.cargo/registry/src/mirrors.tuna.tsinghua.edu.cn-df7c3c540f42cdbd/rocket-0.5.0-rc.3/src/server.rs:56] WARN rocket::server:A panic is treated as an internal server error.
2023-08-16T07:05:15.956693+00:00 [/Users/xiaoqiangjiang/.cargo/registry/src/mirrors.tuna.tsinghua.edu.cn-df7c3c540f42cdbd/rocket-0.5.0-rc.3/src/server.rs:318] WARN rocket::server:Responding with registered [36m([0m[37minternal_error[0m[36m)[0m [34m500[0m catcher.
2023-08-16T07:05:15.956716+00:00 [src/entry/server.rs:19] ERROR cv_server::entry::server:internal error
2023-08-16T07:05:29.110941+00:00 [/Users/xiaoqiangjiang/.cargo/registry/src/mirrors.tuna.tsinghua.edu.cn-df7c3c540f42cdbd/rocket-0.5.0-rc.3/src/server.rs:56] ERROR rocket::server:Handler [37mget_src[0m panicked.
2023-08-16T07:05:29.110998+00:00 [/Users/xiaoqiangjiang/.cargo/registry/src/mirrors.tuna.tsinghua.edu.cn-df7c3c540f42cdbd/rocket-0.5.0-rc.3/src/server.rs:56] WARN rocket::server:A panic is treated as an internal server error.
2023-08-16T07:05:29.111039+00:00 [/Users/xiaoqiangjiang/.cargo/registry/src/mirrors.tuna.tsinghua.edu.cn-df7c3c540f42cdbd/rocket-0.5.0-rc.3/src/server.rs:318] WARN rocket::server:Responding with registered [36m([0m[37minternal_error[0m[36m)[0m [34m500[0m catcher.
2023-08-16T07:05:29.111060+00:00 [src/entry/server.rs:19] ERROR cv_server::entry::server:internal error
2023-08-16T07:06:36.696979+00:00 [/Users/xiaoqiangjiang/.cargo/registry/src/mirrors.tuna.tsinghua.edu.cn-df7c3c540f42cdbd/rocket-0.5.0-rc.3/src/server.rs:56] ERROR rocket::server:Handler [37mget_src[0m panicked.
2023-08-16T07:06:36.697276+00:00 [/Users/xiaoqiangjiang/.cargo/registry/src/mirrors.tuna.tsinghua.edu.cn-df7c3c540f42cdbd/rocket-0.5.0-rc.3/src/server.rs:56] WARN rocket::server:A panic is treated as an internal server error.
2023-08-16T07:06:36.697337+00:00 [/Users/xiaoqiangjiang/.cargo/registry/src/mirrors.tuna.tsinghua.edu.cn-df7c3c540f42cdbd/rocket-0.5.0-rc.3/src/server.rs:318] WARN rocket::server:Responding with registered [36m([0m[37minternal_error[0m[36m)[0m [34m500[0m catcher.
2023-08-16T07:06:36.697360+00:00 [src/entry/server.rs:19] ERROR cv_server::entry::server:internal error
2023-08-16T07:07:00.926628+00:00 [src/service/cv/gen_service.rs:209] ERROR cv_server::service::cv::gen_service:read file facing error,No such file or directory (os error 2),tex file path: /opt/data/cv/output/2023/8/92/38/1/modern.tex
2023-08-16T07:07:39.916875+00:00 [src/service/cv/gen_service.rs:209] ERROR cv_server::service::cv::gen_service:read file facing error,No such file or directory (os error 2),tex file path: /opt/data/cv/output/2023/8/92/38/1/modern.tex
